--- Installing Tooling Dependencies
fetch http://dl-cdn.alpinelinux.org/alpine/v3.12/main/armv7/APKINDEX.tar.gz
fetch http://dl-cdn.alpinelinux.org/alpine/v3.12/community/armv7/APKINDEX.tar.gz
(1/56) Upgrading musl (1.1.24-r8 -> 1.1.24-r9)
(2/56) Installing m4 (1.4.18-r1)
(3/56) Installing libbz2 (1.0.8-r1)
(4/56) Installing perl (5.30.3-r0)
(5/56) Installing autoconf (2.69-r2)
(6/56) Installing automake (1.16.2-r0)
(7/56) Installing libgcc (9.3.0-r2)
(8/56) Installing libstdc++ (9.3.0-r2)
(9/56) Installing binutils (2.34-r1)
(10/56) Installing libmagic (5.38-r0)
(11/56) Installing file (5.38-r0)
(12/56) Installing gmp (6.2.0-r0)
(13/56) Installing isl (0.18-r0)
(14/56) Installing libgomp (9.3.0-r2)
(15/56) Installing libatomic (9.3.0-r2)
(16/56) Installing libgphobos (9.3.0-r2)
(17/56) Installing mpfr4 (4.0.2-r4)
(18/56) Installing mpc1 (1.1.0-r1)
(19/56) Installing gcc (9.3.0-r2)
